2023-11-11T15:39:55+00:00 CRITICAL syntax error, unexpected token "}" in C:\xampp\htdocs\soloxwp\wp-content\themes\flatsome-child\functions.php on line 130

2023-11-11T15:39:55+00:00 CRITICAL syntax error, unexpected token "}" in C:\xampp\htdocs\soloxwp\wp-content\themes\flatsome-child\functions.php on line 130

2023-11-11T15:40:55+00:00 CRITICAL syntax error, unexpected token "}" in C:\xampp\htdocs\soloxwp\wp-content\themes\flatsome-child\functions.php on line 130

2023-11-11T15:41:49+00:00 CRITICAL syntax error, unexpected token "function" in C:\xampp\htdocs\soloxwp\wp-content\themes\flatsome-child\functions.php on line 134

2023-11-11T15:57:30+00:00 CRITICAL syntax error, unexpected token ";" in C:\xampp\htdocs\soloxwp\wp-content\themes\flatsome-child\functions.php on line 150

2023-11-11T16:12:36+00:00 CRITICAL Uncaught TypeError: call_user_func_array(): Argument #1 ($callback) must be a valid callback, function "enqueue_my_custom_styles1" not found or invalid function name in C:\xampp\htdocs\soloxwp\wp-includes\class-wp-hook.php:324
Stack trace:
#0 C:\xampp\htdocs\soloxwp\wp-includes\class-wp-hook.php(348): WP_Hook->apply_filters(NULL, Array)
#1 C:\xampp\htdocs\soloxwp\wp-includes\plugin.php(517): WP_Hook->do_action(Array)
#2 C:\xampp\htdocs\soloxwp\wp-includes\script-loader.php(2262): do_action('wp_enqueue_scri...')
#3 C:\xampp\htdocs\soloxwp\wp-includes\class-wp-hook.php(324): wp_enqueue_scripts('')
#4 C:\xampp\htdocs\soloxwp\wp-includes\class-wp-hook.php(348): WP_Hook->apply_filters(NULL, Array)
#5 C:\xampp\htdocs\soloxwp\wp-includes\plugin.php(517): WP_Hook->do_action(Array)
#6 C:\xampp\htdocs\soloxwp\wp-includes\general-template.php(3052): do_action('wp_head')
#7 C:\xampp\htdocs\soloxwp\wp-content\themes\flatsome\header.php(25): wp_head()
#8 C:\xampp\htdocs\soloxwp\wp-includes\template.php(790): require_once('C:\\xampp\\htdocs...')
#9 C:\xampp\htdocs\soloxwp\wp-includes\template.php(725): load_template('C:\\xampp\\htdocs...', true, Array)
#10 C:\xampp\htdocs\soloxwp\wp-includes\general-template.php(48): locate_template(Array, true, true, Array)
#11 C:\xampp\htdocs\soloxwp\wp-content\themes\flatsome\page-blank.php(9): get_header()
#12 C:\xampp\htdocs\soloxwp\wp-includes\template-loader.php(106): include('C:\\xampp\\htdocs...')
#13 C:\xampp\htdocs\soloxwp\wp-blog-header.php(19): require_once('C:\\xampp\\htdocs...')
#14 C:\xampp\htdocs\soloxwp\index.php(17): require('C:\\xampp\\htdocs...')
#15 {main}
  thrown in C:\xampp\htdocs\soloxwp\wp-includes\class-wp-hook.php on line 324

2023-11-11T16:12:38+00:00 CRITICAL Uncaught TypeError: call_user_func_array(): Argument #1 ($callback) must be a valid callback, function "enqueue_my_custom_styles1" not found or invalid function name in C:\xampp\htdocs\soloxwp\wp-includes\class-wp-hook.php:324
Stack trace:
#0 C:\xampp\htdocs\soloxwp\wp-includes\class-wp-hook.php(348): WP_Hook->apply_filters(NULL, Array)
#1 C:\xampp\htdocs\soloxwp\wp-includes\plugin.php(517): WP_Hook->do_action(Array)
#2 C:\xampp\htdocs\soloxwp\wp-includes\script-loader.php(2262): do_action('wp_enqueue_scri...')
#3 C:\xampp\htdocs\soloxwp\wp-includes\class-wp-hook.php(324): wp_enqueue_scripts('')
#4 C:\xampp\htdocs\soloxwp\wp-includes\class-wp-hook.php(348): WP_Hook->apply_filters(NULL, Array)
#5 C:\xampp\htdocs\soloxwp\wp-includes\plugin.php(517): WP_Hook->do_action(Array)
#6 C:\xampp\htdocs\soloxwp\wp-includes\general-template.php(3052): do_action('wp_head')
#7 C:\xampp\htdocs\soloxwp\wp-content\themes\flatsome\header.php(25): wp_head()
#8 C:\xampp\htdocs\soloxwp\wp-includes\template.php(790): require_once('C:\\xampp\\htdocs...')
#9 C:\xampp\htdocs\soloxwp\wp-includes\template.php(725): load_template('C:\\xampp\\htdocs...', true, Array)
#10 C:\xampp\htdocs\soloxwp\wp-includes\general-template.php(48): locate_template(Array, true, true, Array)
#11 C:\xampp\htdocs\soloxwp\wp-content\themes\flatsome\404.php(9): get_header()
#12 C:\xampp\htdocs\soloxwp\wp-includes\template-loader.php(106): include('C:\\xampp\\htdocs...')
#13 C:\xampp\htdocs\soloxwp\wp-blog-header.php(19): require_once('C:\\xampp\\htdocs...')
#14 C:\xampp\htdocs\soloxwp\index.php(17): require('C:\\xampp\\htdocs...')
#15 {main}
  thrown in C:\xampp\htdocs\soloxwp\wp-includes\class-wp-hook.php on line 324

2023-11-11T16:12:38+00:00 CRITICAL Uncaught TypeError: call_user_func_array(): Argument #1 ($callback) must be a valid callback, function "enqueue_my_custom_styles1" not found or invalid function name in C:\xampp\htdocs\soloxwp\wp-includes\class-wp-hook.php:324
Stack trace:
#0 C:\xampp\htdocs\soloxwp\wp-includes\class-wp-hook.php(348): WP_Hook->apply_filters(NULL, Array)
#1 C:\xampp\htdocs\soloxwp\wp-includes\plugin.php(517): WP_Hook->do_action(Array)
#2 C:\xampp\htdocs\soloxwp\wp-includes\script-loader.php(2262): do_action('wp_enqueue_scri...')
#3 C:\xampp\htdocs\soloxwp\wp-includes\class-wp-hook.php(324): wp_enqueue_scripts('')
#4 C:\xampp\htdocs\soloxwp\wp-includes\class-wp-hook.php(348): WP_Hook->apply_filters(NULL, Array)
#5 C:\xampp\htdocs\soloxwp\wp-includes\plugin.php(517): WP_Hook->do_action(Array)
#6 C:\xampp\htdocs\soloxwp\wp-includes\general-template.php(3052): do_action('wp_head')
#7 C:\xampp\htdocs\soloxwp\wp-content\themes\flatsome\header.php(25): wp_head()
#8 C:\xampp\htdocs\soloxwp\wp-includes\template.php(790): require_once('C:\\xampp\\htdocs...')
#9 C:\xampp\htdocs\soloxwp\wp-includes\template.php(725): load_template('C:\\xampp\\htdocs...', true, Array)
#10 C:\xampp\htdocs\soloxwp\wp-includes\general-template.php(48): locate_template(Array, true, true, Array)
#11 C:\xampp\htdocs\soloxwp\wp-content\themes\flatsome\404.php(9): get_header()
#12 C:\xampp\htdocs\soloxwp\wp-includes\template-loader.php(106): include('C:\\xampp\\htdocs...')
#13 C:\xampp\htdocs\soloxwp\wp-blog-header.php(19): require_once('C:\\xampp\\htdocs...')
#14 C:\xampp\htdocs\soloxwp\index.php(17): require('C:\\xampp\\htdocs...')
#15 {main}
  thrown in C:\xampp\htdocs\soloxwp\wp-includes\class-wp-hook.php on line 324

2023-11-11T16:12:38+00:00 CRITICAL Uncaught TypeError: call_user_func_array(): Argument #1 ($callback) must be a valid callback, function "enqueue_my_custom_styles1" not found or invalid function name in C:\xampp\htdocs\soloxwp\wp-includes\class-wp-hook.php:324
Stack trace:
#0 C:\xampp\htdocs\soloxwp\wp-includes\class-wp-hook.php(348): WP_Hook->apply_filters(NULL, Array)
#1 C:\xampp\htdocs\soloxwp\wp-includes\plugin.php(517): WP_Hook->do_action(Array)
#2 C:\xampp\htdocs\soloxwp\wp-includes\script-loader.php(2262): do_action('wp_enqueue_scri...')
#3 C:\xampp\htdocs\soloxwp\wp-includes\class-wp-hook.php(324): wp_enqueue_scripts('')
#4 C:\xampp\htdocs\soloxwp\wp-includes\class-wp-hook.php(348): WP_Hook->apply_filters(NULL, Array)
#5 C:\xampp\htdocs\soloxwp\wp-includes\plugin.php(517): WP_Hook->do_action(Array)
#6 C:\xampp\htdocs\soloxwp\wp-includes\general-template.php(3052): do_action('wp_head')
#7 C:\xampp\htdocs\soloxwp\wp-content\themes\flatsome\header.php(25): wp_head()
#8 C:\xampp\htdocs\soloxwp\wp-includes\template.php(790): require_once('C:\\xampp\\htdocs...')
#9 C:\xampp\htdocs\soloxwp\wp-includes\template.php(725): load_template('C:\\xampp\\htdocs...', true, Array)
#10 C:\xampp\htdocs\soloxwp\wp-includes\general-template.php(48): locate_template(Array, true, true, Array)
#11 C:\xampp\htdocs\soloxwp\wp-content\themes\flatsome\404.php(9): get_header()
#12 C:\xampp\htdocs\soloxwp\wp-includes\template-loader.php(106): include('C:\\xampp\\htdocs...')
#13 C:\xampp\htdocs\soloxwp\wp-blog-header.php(19): require_once('C:\\xampp\\htdocs...')
#14 C:\xampp\htdocs\soloxwp\index.php(17): require('C:\\xampp\\htdocs...')
#15 {main}
  thrown in C:\xampp\htdocs\soloxwp\wp-includes\class-wp-hook.php on line 324

2023-11-11T16:12:38+00:00 CRITICAL Uncaught TypeError: call_user_func_array(): Argument #1 ($callback) must be a valid callback, function "enqueue_my_custom_styles1" not found or invalid function name in C:\xampp\htdocs\soloxwp\wp-includes\class-wp-hook.php:324
Stack trace:
#0 C:\xampp\htdocs\soloxwp\wp-includes\class-wp-hook.php(348): WP_Hook->apply_filters(NULL, Array)
#1 C:\xampp\htdocs\soloxwp\wp-includes\plugin.php(517): WP_Hook->do_action(Array)
#2 C:\xampp\htdocs\soloxwp\wp-includes\script-loader.php(2262): do_action('wp_enqueue_scri...')
#3 C:\xampp\htdocs\soloxwp\wp-includes\class-wp-hook.php(324): wp_enqueue_scripts('')
#4 C:\xampp\htdocs\soloxwp\wp-includes\class-wp-hook.php(348): WP_Hook->apply_filters(NULL, Array)
#5 C:\xampp\htdocs\soloxwp\wp-includes\plugin.php(517): WP_Hook->do_action(Array)
#6 C:\xampp\htdocs\soloxwp\wp-includes\general-template.php(3052): do_action('wp_head')
#7 C:\xampp\htdocs\soloxwp\wp-content\themes\flatsome\header.php(25): wp_head()
#8 C:\xampp\htdocs\soloxwp\wp-includes\template.php(790): require_once('C:\\xampp\\htdocs...')
#9 C:\xampp\htdocs\soloxwp\wp-includes\template.php(725): load_template('C:\\xampp\\htdocs...', true, Array)
#10 C:\xampp\htdocs\soloxwp\wp-includes\general-template.php(48): locate_template(Array, true, true, Array)
#11 C:\xampp\htdocs\soloxwp\wp-content\themes\flatsome\404.php(9): get_header()
#12 C:\xampp\htdocs\soloxwp\wp-includes\template-loader.php(106): include('C:\\xampp\\htdocs...')
#13 C:\xampp\htdocs\soloxwp\wp-blog-header.php(19): require_once('C:\\xampp\\htdocs...')
#14 C:\xampp\htdocs\soloxwp\index.php(17): require('C:\\xampp\\htdocs...')
#15 {main}
  thrown in C:\xampp\htdocs\soloxwp\wp-includes\class-wp-hook.php on line 324

2023-11-11T16:13:19+00:00 CRITICAL Uncaught TypeError: call_user_func_array(): Argument #1 ($callback) must be a valid callback, function "enqueue_my_custom_styles" not found or invalid function name in C:\xampp\htdocs\soloxwp\wp-includes\class-wp-hook.php:324
Stack trace:
#0 C:\xampp\htdocs\soloxwp\wp-includes\class-wp-hook.php(348): WP_Hook->apply_filters(NULL, Array)
#1 C:\xampp\htdocs\soloxwp\wp-includes\plugin.php(517): WP_Hook->do_action(Array)
#2 C:\xampp\htdocs\soloxwp\wp-includes\script-loader.php(2262): do_action('wp_enqueue_scri...')
#3 C:\xampp\htdocs\soloxwp\wp-includes\class-wp-hook.php(324): wp_enqueue_scripts('')
#4 C:\xampp\htdocs\soloxwp\wp-includes\class-wp-hook.php(348): WP_Hook->apply_filters(NULL, Array)
#5 C:\xampp\htdocs\soloxwp\wp-includes\plugin.php(517): WP_Hook->do_action(Array)
#6 C:\xampp\htdocs\soloxwp\wp-includes\general-template.php(3052): do_action('wp_head')
#7 C:\xampp\htdocs\soloxwp\wp-content\themes\flatsome\header.php(25): wp_head()
#8 C:\xampp\htdocs\soloxwp\wp-includes\template.php(790): require_once('C:\\xampp\\htdocs...')
#9 C:\xampp\htdocs\soloxwp\wp-includes\template.php(725): load_template('C:\\xampp\\htdocs...', true, Array)
#10 C:\xampp\htdocs\soloxwp\wp-includes\general-template.php(48): locate_template(Array, true, true, Array)
#11 C:\xampp\htdocs\soloxwp\wp-content\themes\flatsome\page-blank.php(9): get_header()
#12 C:\xampp\htdocs\soloxwp\wp-includes\template-loader.php(106): include('C:\\xampp\\htdocs...')
#13 C:\xampp\htdocs\soloxwp\wp-blog-header.php(19): require_once('C:\\xampp\\htdocs...')
#14 C:\xampp\htdocs\soloxwp\index.php(17): require('C:\\xampp\\htdocs...')
#15 {main}
  thrown in C:\xampp\htdocs\soloxwp\wp-includes\class-wp-hook.php on line 324

2023-11-11T16:13:21+00:00 CRITICAL Uncaught TypeError: call_user_func_array(): Argument #1 ($callback) must be a valid callback, function "enqueue_my_custom_styles" not found or invalid function name in C:\xampp\htdocs\soloxwp\wp-includes\class-wp-hook.php:324
Stack trace:
#0 C:\xampp\htdocs\soloxwp\wp-includes\class-wp-hook.php(348): WP_Hook->apply_filters(NULL, Array)
#1 C:\xampp\htdocs\soloxwp\wp-includes\plugin.php(517): WP_Hook->do_action(Array)
#2 C:\xampp\htdocs\soloxwp\wp-includes\script-loader.php(2262): do_action('wp_enqueue_scri...')
#3 C:\xampp\htdocs\soloxwp\wp-includes\class-wp-hook.php(324): wp_enqueue_scripts('')
#4 C:\xampp\htdocs\soloxwp\wp-includes\class-wp-hook.php(348): WP_Hook->apply_filters(NULL, Array)
#5 C:\xampp\htdocs\soloxwp\wp-includes\plugin.php(517): WP_Hook->do_action(Array)
#6 C:\xampp\htdocs\soloxwp\wp-includes\general-template.php(3052): do_action('wp_head')
#7 C:\xampp\htdocs\soloxwp\wp-content\themes\flatsome\header.php(25): wp_head()
#8 C:\xampp\htdocs\soloxwp\wp-includes\template.php(790): require_once('C:\\xampp\\htdocs...')
#9 C:\xampp\htdocs\soloxwp\wp-includes\template.php(725): load_template('C:\\xampp\\htdocs...', true, Array)
#10 C:\xampp\htdocs\soloxwp\wp-includes\general-template.php(48): locate_template(Array, true, true, Array)
#11 C:\xampp\htdocs\soloxwp\wp-content\themes\flatsome\404.php(9): get_header()
#12 C:\xampp\htdocs\soloxwp\wp-includes\template-loader.php(106): include('C:\\xampp\\htdocs...')
#13 C:\xampp\htdocs\soloxwp\wp-blog-header.php(19): require_once('C:\\xampp\\htdocs...')
#14 C:\xampp\htdocs\soloxwp\index.php(17): require('C:\\xampp\\htdocs...')
#15 {main}
  thrown in C:\xampp\htdocs\soloxwp\wp-includes\class-wp-hook.php on line 324

2023-11-11T16:13:21+00:00 CRITICAL Uncaught TypeError: call_user_func_array(): Argument #1 ($callback) must be a valid callback, function "enqueue_my_custom_styles" not found or invalid function name in C:\xampp\htdocs\soloxwp\wp-includes\class-wp-hook.php:324
Stack trace:
#0 C:\xampp\htdocs\soloxwp\wp-includes\class-wp-hook.php(348): WP_Hook->apply_filters(NULL, Array)
#1 C:\xampp\htdocs\soloxwp\wp-includes\plugin.php(517): WP_Hook->do_action(Array)
#2 C:\xampp\htdocs\soloxwp\wp-includes\script-loader.php(2262): do_action('wp_enqueue_scri...')
#3 C:\xampp\htdocs\soloxwp\wp-includes\class-wp-hook.php(324): wp_enqueue_scripts('')
#4 C:\xampp\htdocs\soloxwp\wp-includes\class-wp-hook.php(348): WP_Hook->apply_filters(NULL, Array)
#5 C:\xampp\htdocs\soloxwp\wp-includes\plugin.php(517): WP_Hook->do_action(Array)
#6 C:\xampp\htdocs\soloxwp\wp-includes\general-template.php(3052): do_action('wp_head')
#7 C:\xampp\htdocs\soloxwp\wp-content\themes\flatsome\header.php(25): wp_head()
#8 C:\xampp\htdocs\soloxwp\wp-includes\template.php(790): require_once('C:\\xampp\\htdocs...')
#9 C:\xampp\htdocs\soloxwp\wp-includes\template.php(725): load_template('C:\\xampp\\htdocs...', true, Array)
#10 C:\xampp\htdocs\soloxwp\wp-includes\general-template.php(48): locate_template(Array, true, true, Array)
#11 C:\xampp\htdocs\soloxwp\wp-content\themes\flatsome\404.php(9): get_header()
#12 C:\xampp\htdocs\soloxwp\wp-includes\template-loader.php(106): include('C:\\xampp\\htdocs...')
#13 C:\xampp\htdocs\soloxwp\wp-blog-header.php(19): require_once('C:\\xampp\\htdocs...')
#14 C:\xampp\htdocs\soloxwp\index.php(17): require('C:\\xampp\\htdocs...')
#15 {main}
  thrown in C:\xampp\htdocs\soloxwp\wp-includes\class-wp-hook.php on line 324

2023-11-11T16:13:21+00:00 CRITICAL Uncaught TypeError: call_user_func_array(): Argument #1 ($callback) must be a valid callback, function "enqueue_my_custom_styles" not found or invalid function name in C:\xampp\htdocs\soloxwp\wp-includes\class-wp-hook.php:324
Stack trace:
#0 C:\xampp\htdocs\soloxwp\wp-includes\class-wp-hook.php(348): WP_Hook->apply_filters(NULL, Array)
#1 C:\xampp\htdocs\soloxwp\wp-includes\plugin.php(517): WP_Hook->do_action(Array)
#2 C:\xampp\htdocs\soloxwp\wp-includes\script-loader.php(2262): do_action('wp_enqueue_scri...')
#3 C:\xampp\htdocs\soloxwp\wp-includes\class-wp-hook.php(324): wp_enqueue_scripts('')
#4 C:\xampp\htdocs\soloxwp\wp-includes\class-wp-hook.php(348): WP_Hook->apply_filters(NULL, Array)
#5 C:\xampp\htdocs\soloxwp\wp-includes\plugin.php(517): WP_Hook->do_action(Array)
#6 C:\xampp\htdocs\soloxwp\wp-includes\general-template.php(3052): do_action('wp_head')
#7 C:\xampp\htdocs\soloxwp\wp-content\themes\flatsome\header.php(25): wp_head()
#8 C:\xampp\htdocs\soloxwp\wp-includes\template.php(790): require_once('C:\\xampp\\htdocs...')
#9 C:\xampp\htdocs\soloxwp\wp-includes\template.php(725): load_template('C:\\xampp\\htdocs...', true, Array)
#10 C:\xampp\htdocs\soloxwp\wp-includes\general-template.php(48): locate_template(Array, true, true, Array)
#11 C:\xampp\htdocs\soloxwp\wp-content\themes\flatsome\404.php(9): get_header()
#12 C:\xampp\htdocs\soloxwp\wp-includes\template-loader.php(106): include('C:\\xampp\\htdocs...')
#13 C:\xampp\htdocs\soloxwp\wp-blog-header.php(19): require_once('C:\\xampp\\htdocs...')
#14 C:\xampp\htdocs\soloxwp\index.php(17): require('C:\\xampp\\htdocs...')
#15 {main}
  thrown in C:\xampp\htdocs\soloxwp\wp-includes\class-wp-hook.php on line 324

2023-11-11T16:13:21+00:00 CRITICAL Uncaught TypeError: call_user_func_array(): Argument #1 ($callback) must be a valid callback, function "enqueue_my_custom_styles" not found or invalid function name in C:\xampp\htdocs\soloxwp\wp-includes\class-wp-hook.php:324
Stack trace:
#0 C:\xampp\htdocs\soloxwp\wp-includes\class-wp-hook.php(348): WP_Hook->apply_filters(NULL, Array)
#1 C:\xampp\htdocs\soloxwp\wp-includes\plugin.php(517): WP_Hook->do_action(Array)
#2 C:\xampp\htdocs\soloxwp\wp-includes\script-loader.php(2262): do_action('wp_enqueue_scri...')
#3 C:\xampp\htdocs\soloxwp\wp-includes\class-wp-hook.php(324): wp_enqueue_scripts('')
#4 C:\xampp\htdocs\soloxwp\wp-includes\class-wp-hook.php(348): WP_Hook->apply_filters(NULL, Array)
#5 C:\xampp\htdocs\soloxwp\wp-includes\plugin.php(517): WP_Hook->do_action(Array)
#6 C:\xampp\htdocs\soloxwp\wp-includes\general-template.php(3052): do_action('wp_head')
#7 C:\xampp\htdocs\soloxwp\wp-content\themes\flatsome\header.php(25): wp_head()
#8 C:\xampp\htdocs\soloxwp\wp-includes\template.php(790): require_once('C:\\xampp\\htdocs...')
#9 C:\xampp\htdocs\soloxwp\wp-includes\template.php(725): load_template('C:\\xampp\\htdocs...', true, Array)
#10 C:\xampp\htdocs\soloxwp\wp-includes\general-template.php(48): locate_template(Array, true, true, Array)
#11 C:\xampp\htdocs\soloxwp\wp-content\themes\flatsome\404.php(9): get_header()
#12 C:\xampp\htdocs\soloxwp\wp-includes\template-loader.php(106): include('C:\\xampp\\htdocs...')
#13 C:\xampp\htdocs\soloxwp\wp-blog-header.php(19): require_once('C:\\xampp\\htdocs...')
#14 C:\xampp\htdocs\soloxwp\index.php(17): require('C:\\xampp\\htdocs...')
#15 {main}
  thrown in C:\xampp\htdocs\soloxwp\wp-includes\class-wp-hook.php on line 324

2023-11-11T16:13:21+00:00 CRITICAL Uncaught TypeError: call_user_func_array(): Argument #1 ($callback) must be a valid callback, function "enqueue_my_custom_styles" not found or invalid function name in C:\xampp\htdocs\soloxwp\wp-includes\class-wp-hook.php:324
Stack trace:
#0 C:\xampp\htdocs\soloxwp\wp-includes\class-wp-hook.php(348): WP_Hook->apply_filters(NULL, Array)
#1 C:\xampp\htdocs\soloxwp\wp-includes\plugin.php(517): WP_Hook->do_action(Array)
#2 C:\xampp\htdocs\soloxwp\wp-includes\script-loader.php(2262): do_action('wp_enqueue_scri...')
#3 C:\xampp\htdocs\soloxwp\wp-includes\class-wp-hook.php(324): wp_enqueue_scripts('')
#4 C:\xampp\htdocs\soloxwp\wp-includes\class-wp-hook.php(348): WP_Hook->apply_filters(NULL, Array)
#5 C:\xampp\htdocs\soloxwp\wp-includes\plugin.php(517): WP_Hook->do_action(Array)
#6 C:\xampp\htdocs\soloxwp\wp-includes\general-template.php(3052): do_action('wp_head')
#7 C:\xampp\htdocs\soloxwp\wp-content\themes\flatsome\header.php(25): wp_head()
#8 C:\xampp\htdocs\soloxwp\wp-includes\template.php(790): require_once('C:\\xampp\\htdocs...')
#9 C:\xampp\htdocs\soloxwp\wp-includes\template.php(725): load_template('C:\\xampp\\htdocs...', true, Array)
#10 C:\xampp\htdocs\soloxwp\wp-includes\general-template.php(48): locate_template(Array, true, true, Array)
#11 C:\xampp\htdocs\soloxwp\wp-content\themes\flatsome\404.php(9): get_header()
#12 C:\xampp\htdocs\soloxwp\wp-includes\template-loader.php(106): include('C:\\xampp\\htdocs...')
#13 C:\xampp\htdocs\soloxwp\wp-blog-header.php(19): require_once('C:\\xampp\\htdocs...')
#14 C:\xampp\htdocs\soloxwp\index.php(17): require('C:\\xampp\\htdocs...')
#15 {main}
  thrown in C:\xampp\htdocs\soloxwp\wp-includes\class-wp-hook.php on line 324

2023-11-11T16:13:35+00:00 CRITICAL Uncaught TypeError: call_user_func_array(): Argument #1 ($callback) must be a valid callback, function "enqueue_my_custom_styles" not found or invalid function name in C:\xampp\htdocs\soloxwp\wp-includes\class-wp-hook.php:324
Stack trace:
#0 C:\xampp\htdocs\soloxwp\wp-includes\class-wp-hook.php(348): WP_Hook->apply_filters(NULL, Array)
#1 C:\xampp\htdocs\soloxwp\wp-includes\plugin.php(517): WP_Hook->do_action(Array)
#2 C:\xampp\htdocs\soloxwp\wp-includes\script-loader.php(2262): do_action('wp_enqueue_scri...')
#3 C:\xampp\htdocs\soloxwp\wp-includes\class-wp-hook.php(324): wp_enqueue_scripts('')
#4 C:\xampp\htdocs\soloxwp\wp-includes\class-wp-hook.php(348): WP_Hook->apply_filters(NULL, Array)
#5 C:\xampp\htdocs\soloxwp\wp-includes\plugin.php(517): WP_Hook->do_action(Array)
#6 C:\xampp\htdocs\soloxwp\wp-includes\general-template.php(3052): do_action('wp_head')
#7 C:\xampp\htdocs\soloxwp\wp-content\themes\flatsome\header.php(25): wp_head()
#8 C:\xampp\htdocs\soloxwp\wp-includes\template.php(790): require_once('C:\\xampp\\htdocs...')
#9 C:\xampp\htdocs\soloxwp\wp-includes\template.php(725): load_template('C:\\xampp\\htdocs...', true, Array)
#10 C:\xampp\htdocs\soloxwp\wp-includes\general-template.php(48): locate_template(Array, true, true, Array)
#11 C:\xampp\htdocs\soloxwp\wp-content\themes\flatsome\page-blank.php(9): get_header()
#12 C:\xampp\htdocs\soloxwp\wp-includes\template-loader.php(106): include('C:\\xampp\\htdocs...')
#13 C:\xampp\htdocs\soloxwp\wp-blog-header.php(19): require_once('C:\\xampp\\htdocs...')
#14 C:\xampp\htdocs\soloxwp\index.php(17): require('C:\\xampp\\htdocs...')
#15 {main}
  thrown in C:\xampp\htdocs\soloxwp\wp-includes\class-wp-hook.php on line 324

2023-11-11T16:13:37+00:00 CRITICAL Uncaught TypeError: call_user_func_array(): Argument #1 ($callback) must be a valid callback, function "enqueue_my_custom_styles" not found or invalid function name in C:\xampp\htdocs\soloxwp\wp-includes\class-wp-hook.php:324
Stack trace:
#0 C:\xampp\htdocs\soloxwp\wp-includes\class-wp-hook.php(348): WP_Hook->apply_filters(NULL, Array)
#1 C:\xampp\htdocs\soloxwp\wp-includes\plugin.php(517): WP_Hook->do_action(Array)
#2 C:\xampp\htdocs\soloxwp\wp-includes\script-loader.php(2262): do_action('wp_enqueue_scri...')
#3 C:\xampp\htdocs\soloxwp\wp-includes\class-wp-hook.php(324): wp_enqueue_scripts('')
#4 C:\xampp\htdocs\soloxwp\wp-includes\class-wp-hook.php(348): WP_Hook->apply_filters(NULL, Array)
#5 C:\xampp\htdocs\soloxwp\wp-includes\plugin.php(517): WP_Hook->do_action(Array)
#6 C:\xampp\htdocs\soloxwp\wp-includes\general-template.php(3052): do_action('wp_head')
#7 C:\xampp\htdocs\soloxwp\wp-content\themes\flatsome\header.php(25): wp_head()
#8 C:\xampp\htdocs\soloxwp\wp-includes\template.php(790): require_once('C:\\xampp\\htdocs...')
#9 C:\xampp\htdocs\soloxwp\wp-includes\template.php(725): load_template('C:\\xampp\\htdocs...', true, Array)
#10 C:\xampp\htdocs\soloxwp\wp-includes\general-template.php(48): locate_template(Array, true, true, Array)
#11 C:\xampp\htdocs\soloxwp\wp-content\themes\flatsome\404.php(9): get_header()
#12 C:\xampp\htdocs\soloxwp\wp-includes\template-loader.php(106): include('C:\\xampp\\htdocs...')
#13 C:\xampp\htdocs\soloxwp\wp-blog-header.php(19): require_once('C:\\xampp\\htdocs...')
#14 C:\xampp\htdocs\soloxwp\index.php(17): require('C:\\xampp\\htdocs...')
#15 {main}
  thrown in C:\xampp\htdocs\soloxwp\wp-includes\class-wp-hook.php on line 324

2023-11-11T16:13:37+00:00 CRITICAL Uncaught TypeError: call_user_func_array(): Argument #1 ($callback) must be a valid callback, function "enqueue_my_custom_styles" not found or invalid function name in C:\xampp\htdocs\soloxwp\wp-includes\class-wp-hook.php:324
Stack trace:
#0 C:\xampp\htdocs\soloxwp\wp-includes\class-wp-hook.php(348): WP_Hook->apply_filters(NULL, Array)
#1 C:\xampp\htdocs\soloxwp\wp-includes\plugin.php(517): WP_Hook->do_action(Array)
#2 C:\xampp\htdocs\soloxwp\wp-includes\script-loader.php(2262): do_action('wp_enqueue_scri...')
#3 C:\xampp\htdocs\soloxwp\wp-includes\class-wp-hook.php(324): wp_enqueue_scripts('')
#4 C:\xampp\htdocs\soloxwp\wp-includes\class-wp-hook.php(348): WP_Hook->apply_filters(NULL, Array)
#5 C:\xampp\htdocs\soloxwp\wp-includes\plugin.php(517): WP_Hook->do_action(Array)
#6 C:\xampp\htdocs\soloxwp\wp-includes\general-template.php(3052): do_action('wp_head')
#7 C:\xampp\htdocs\soloxwp\wp-content\themes\flatsome\header.php(25): wp_head()
#8 C:\xampp\htdocs\soloxwp\wp-includes\template.php(790): require_once('C:\\xampp\\htdocs...')
#9 C:\xampp\htdocs\soloxwp\wp-includes\template.php(725): load_template('C:\\xampp\\htdocs...', true, Array)
#10 C:\xampp\htdocs\soloxwp\wp-includes\general-template.php(48): locate_template(Array, true, true, Array)
#11 C:\xampp\htdocs\soloxwp\wp-content\themes\flatsome\404.php(9): get_header()
#12 C:\xampp\htdocs\soloxwp\wp-includes\template-loader.php(106): include('C:\\xampp\\htdocs...')
#13 C:\xampp\htdocs\soloxwp\wp-blog-header.php(19): require_once('C:\\xampp\\htdocs...')
#14 C:\xampp\htdocs\soloxwp\index.php(17): require('C:\\xampp\\htdocs...')
#15 {main}
  thrown in C:\xampp\htdocs\soloxwp\wp-includes\class-wp-hook.php on line 324

2023-11-11T16:13:37+00:00 CRITICAL Uncaught TypeError: call_user_func_array(): Argument #1 ($callback) must be a valid callback, function "enqueue_my_custom_styles" not found or invalid function name in C:\xampp\htdocs\soloxwp\wp-includes\class-wp-hook.php:324
Stack trace:
#0 C:\xampp\htdocs\soloxwp\wp-includes\class-wp-hook.php(348): WP_Hook->apply_filters(NULL, Array)
#1 C:\xampp\htdocs\soloxwp\wp-includes\plugin.php(517): WP_Hook->do_action(Array)
#2 C:\xampp\htdocs\soloxwp\wp-includes\script-loader.php(2262): do_action('wp_enqueue_scri...')
#3 C:\xampp\htdocs\soloxwp\wp-includes\class-wp-hook.php(324): wp_enqueue_scripts('')
#4 C:\xampp\htdocs\soloxwp\wp-includes\class-wp-hook.php(348): WP_Hook->apply_filters(NULL, Array)
#5 C:\xampp\htdocs\soloxwp\wp-includes\plugin.php(517): WP_Hook->do_action(Array)
#6 C:\xampp\htdocs\soloxwp\wp-includes\general-template.php(3052): do_action('wp_head')
#7 C:\xampp\htdocs\soloxwp\wp-content\themes\flatsome\header.php(25): wp_head()
#8 C:\xampp\htdocs\soloxwp\wp-includes\template.php(790): require_once('C:\\xampp\\htdocs...')
#9 C:\xampp\htdocs\soloxwp\wp-includes\template.php(725): load_template('C:\\xampp\\htdocs...', true, Array)
#10 C:\xampp\htdocs\soloxwp\wp-includes\general-template.php(48): locate_template(Array, true, true, Array)
#11 C:\xampp\htdocs\soloxwp\wp-content\themes\flatsome\404.php(9): get_header()
#12 C:\xampp\htdocs\soloxwp\wp-includes\template-loader.php(106): include('C:\\xampp\\htdocs...')
#13 C:\xampp\htdocs\soloxwp\wp-blog-header.php(19): require_once('C:\\xampp\\htdocs...')
#14 C:\xampp\htdocs\soloxwp\index.php(17): require('C:\\xampp\\htdocs...')
#15 {main}
  thrown in C:\xampp\htdocs\soloxwp\wp-includes\class-wp-hook.php on line 324

2023-11-11T16:13:37+00:00 CRITICAL Uncaught TypeError: call_user_func_array(): Argument #1 ($callback) must be a valid callback, function "enqueue_my_custom_styles" not found or invalid function name in C:\xampp\htdocs\soloxwp\wp-includes\class-wp-hook.php:324
Stack trace:
#0 C:\xampp\htdocs\soloxwp\wp-includes\class-wp-hook.php(348): WP_Hook->apply_filters(NULL, Array)
#1 C:\xampp\htdocs\soloxwp\wp-includes\plugin.php(517): WP_Hook->do_action(Array)
#2 C:\xampp\htdocs\soloxwp\wp-includes\script-loader.php(2262): do_action('wp_enqueue_scri...')
#3 C:\xampp\htdocs\soloxwp\wp-includes\class-wp-hook.php(324): wp_enqueue_scripts('')
#4 C:\xampp\htdocs\soloxwp\wp-includes\class-wp-hook.php(348): WP_Hook->apply_filters(NULL, Array)
#5 C:\xampp\htdocs\soloxwp\wp-includes\plugin.php(517): WP_Hook->do_action(Array)
#6 C:\xampp\htdocs\soloxwp\wp-includes\general-template.php(3052): do_action('wp_head')
#7 C:\xampp\htdocs\soloxwp\wp-content\themes\flatsome\header.php(25): wp_head()
#8 C:\xampp\htdocs\soloxwp\wp-includes\template.php(790): require_once('C:\\xampp\\htdocs...')
#9 C:\xampp\htdocs\soloxwp\wp-includes\template.php(725): load_template('C:\\xampp\\htdocs...', true, Array)
#10 C:\xampp\htdocs\soloxwp\wp-includes\general-template.php(48): locate_template(Array, true, true, Array)
#11 C:\xampp\htdocs\soloxwp\wp-content\themes\flatsome\404.php(9): get_header()
#12 C:\xampp\htdocs\soloxwp\wp-includes\template-loader.php(106): include('C:\\xampp\\htdocs...')
#13 C:\xampp\htdocs\soloxwp\wp-blog-header.php(19): require_once('C:\\xampp\\htdocs...')
#14 C:\xampp\htdocs\soloxwp\index.php(17): require('C:\\xampp\\htdocs...')
#15 {main}
  thrown in C:\xampp\htdocs\soloxwp\wp-includes\class-wp-hook.php on line 324

2023-11-11T16:13:37+00:00 CRITICAL Uncaught TypeError: call_user_func_array(): Argument #1 ($callback) must be a valid callback, function "enqueue_my_custom_styles" not found or invalid function name in C:\xampp\htdocs\soloxwp\wp-includes\class-wp-hook.php:324
Stack trace:
#0 C:\xampp\htdocs\soloxwp\wp-includes\class-wp-hook.php(348): WP_Hook->apply_filters(NULL, Array)
#1 C:\xampp\htdocs\soloxwp\wp-includes\plugin.php(517): WP_Hook->do_action(Array)
#2 C:\xampp\htdocs\soloxwp\wp-includes\script-loader.php(2262): do_action('wp_enqueue_scri...')
#3 C:\xampp\htdocs\soloxwp\wp-includes\class-wp-hook.php(324): wp_enqueue_scripts('')
#4 C:\xampp\htdocs\soloxwp\wp-includes\class-wp-hook.php(348): WP_Hook->apply_filters(NULL, Array)
#5 C:\xampp\htdocs\soloxwp\wp-includes\plugin.php(517): WP_Hook->do_action(Array)
#6 C:\xampp\htdocs\soloxwp\wp-includes\general-template.php(3052): do_action('wp_head')
#7 C:\xampp\htdocs\soloxwp\wp-content\themes\flatsome\header.php(25): wp_head()
#8 C:\xampp\htdocs\soloxwp\wp-includes\template.php(790): require_once('C:\\xampp\\htdocs...')
#9 C:\xampp\htdocs\soloxwp\wp-includes\template.php(725): load_template('C:\\xampp\\htdocs...', true, Array)
#10 C:\xampp\htdocs\soloxwp\wp-includes\general-template.php(48): locate_template(Array, true, true, Array)
#11 C:\xampp\htdocs\soloxwp\wp-content\themes\flatsome\404.php(9): get_header()
#12 C:\xampp\htdocs\soloxwp\wp-includes\template-loader.php(106): include('C:\\xampp\\htdocs...')
#13 C:\xampp\htdocs\soloxwp\wp-blog-header.php(19): require_once('C:\\xampp\\htdocs...')
#14 C:\xampp\htdocs\soloxwp\index.php(17): require('C:\\xampp\\htdocs...')
#15 {main}
  thrown in C:\xampp\htdocs\soloxwp\wp-includes\class-wp-hook.php on line 324

