2023-11-15T11:26:10+00:00 CRITICAL syntax error, unexpected token "<", expecting end of file in C:\xampp\htdocs\soloxwp\wp-content\themes\flatsome-child\functions.php on line 203

2023-11-15T11:51:18+00:00 CRITICAL syntax error, unexpected token ":" in C:\xampp\htdocs\soloxwp\wp-content\themes\flatsome-child\functions.php on line 204

2023-11-15T11:55:32+00:00 CRITICAL Unmatched '}' in C:\xampp\htdocs\soloxwp\wp-content\themes\flatsome-child\functions.php on line 211

2023-11-15T11:55:32+00:00 CRITICAL Unmatched '}' in C:\xampp\htdocs\soloxwp\wp-content\themes\flatsome-child\functions.php on line 211

2023-11-15T11:57:32+00:00 CRITICAL syntax error, unexpected token ":" in C:\xampp\htdocs\soloxwp\wp-content\themes\flatsome-child\functions.php on line 205

2023-11-15T11:57:32+00:00 CRITICAL syntax error, unexpected token ":" in C:\xampp\htdocs\soloxwp\wp-content\themes\flatsome-child\functions.php on line 205

2023-11-15T11:57:49+00:00 CRITICAL syntax error, unexpected token ":" in C:\xampp\htdocs\soloxwp\wp-content\themes\flatsome-child\functions.php on line 205

2023-11-15T11:57:51+00:00 CRITICAL syntax error, unexpected token ":" in C:\xampp\htdocs\soloxwp\wp-content\themes\flatsome-child\functions.php on line 205

2023-11-15T11:57:53+00:00 CRITICAL syntax error, unexpected token ":" in C:\xampp\htdocs\soloxwp\wp-content\themes\flatsome-child\functions.php on line 205

2023-11-15T11:57:55+00:00 CRITICAL syntax error, unexpected token ":" in C:\xampp\htdocs\soloxwp\wp-content\themes\flatsome-child\functions.php on line 205

2023-11-15T12:09:04+00:00 CRITICAL syntax error, unexpected token ":" in C:\xampp\htdocs\soloxwp\wp-content\themes\flatsome-child\functions.php on line 205

2023-11-15T12:09:04+00:00 CRITICAL syntax error, unexpected token ":" in C:\xampp\htdocs\soloxwp\wp-content\themes\flatsome-child\functions.php on line 205

2023-11-15T12:11:03+00:00 CRITICAL syntax error, unexpected token ":" in C:\xampp\htdocs\soloxwp\wp-content\themes\flatsome-child\functions.php on line 205

2023-11-15T12:15:35+00:00 CRITICAL syntax error, unexpected token ":" in C:\xampp\htdocs\soloxwp\wp-content\themes\flatsome-child\functions.php on line 206

2023-11-15T12:20:52+00:00 CRITICAL syntax error, unexpected token ":" in C:\xampp\htdocs\soloxwp\wp-content\themes\flatsome-child\functions.php on line 206

2023-11-15T12:20:52+00:00 CRITICAL syntax error, unexpected token ":" in C:\xampp\htdocs\soloxwp\wp-content\themes\flatsome-child\functions.php on line 206

2023-11-15T12:21:56+00:00 CRITICAL syntax error, unexpected token ":" in C:\xampp\htdocs\soloxwp\wp-content\themes\flatsome-child\functions.php on line 206

2023-11-15T12:21:56+00:00 CRITICAL syntax error, unexpected token ":" in C:\xampp\htdocs\soloxwp\wp-content\themes\flatsome-child\functions.php on line 206

2023-11-15T12:21:58+00:00 CRITICAL syntax error, unexpected token ":" in C:\xampp\htdocs\soloxwp\wp-content\themes\flatsome-child\functions.php on line 206

2023-11-15T12:22:15+00:00 CRITICAL syntax error, unexpected token ":" in C:\xampp\htdocs\soloxwp\wp-content\themes\flatsome-child\functions.php on line 206

2023-11-15T12:22:18+00:00 CRITICAL syntax error, unexpected token ":" in C:\xampp\htdocs\soloxwp\wp-content\themes\flatsome-child\functions.php on line 206

2023-11-15T15:27:09+00:00 CRITICAL syntax error, unexpected token ":" in C:\xampp\htdocs\soloxwp\wp-content\themes\flatsome-child\functions.php on line 206

2023-11-15T15:27:09+00:00 CRITICAL syntax error, unexpected token ":" in C:\xampp\htdocs\soloxwp\wp-content\themes\flatsome-child\functions.php on line 206

2023-11-15T15:27:09+00:00 CRITICAL syntax error, unexpected token ":" in C:\xampp\htdocs\soloxwp\wp-content\themes\flatsome-child\functions.php on line 206

2023-11-15T15:27:09+00:00 CRITICAL syntax error, unexpected token ":" in C:\xampp\htdocs\soloxwp\wp-content\themes\flatsome-child\functions.php on line 206

2023-11-15T15:29:52+00:00 CRITICAL syntax error, unexpected token ":" in C:\xampp\htdocs\soloxwp\wp-content\themes\flatsome-child\functions.php on line 206

2023-11-15T15:30:15+00:00 CRITICAL syntax error, unexpected token ":" in C:\xampp\htdocs\soloxwp\wp-content\themes\flatsome-child\functions.php on line 206

2023-11-15T15:30:15+00:00 CRITICAL syntax error, unexpected token ":" in C:\xampp\htdocs\soloxwp\wp-content\themes\flatsome-child\functions.php on line 206

2023-11-15T15:32:16+00:00 CRITICAL syntax error, unexpected token ":" in C:\xampp\htdocs\soloxwp\wp-content\themes\flatsome-child\functions.php on line 205

2023-11-15T15:32:16+00:00 CRITICAL syntax error, unexpected token ":" in C:\xampp\htdocs\soloxwp\wp-content\themes\flatsome-child\functions.php on line 205

2023-11-15T15:42:06+00:00 CRITICAL syntax error, unexpected token ":" in C:\xampp\htdocs\soloxwp\wp-content\themes\flatsome-child\functions.php on line 205

2023-11-15T15:42:35+00:00 CRITICAL syntax error, unexpected token ":" in C:\xampp\htdocs\soloxwp\wp-content\themes\flatsome-child\functions.php on line 205

2023-11-15T15:44:06+00:00 CRITICAL syntax error, unexpected identifier "true" in C:\xampp\htdocs\soloxwp\wp-content\themes\flatsome-child\functions.php on line 205

2023-11-15T15:44:06+00:00 CRITICAL syntax error, unexpected identifier "true" in C:\xampp\htdocs\soloxwp\wp-content\themes\flatsome-child\functions.php on line 205

2023-11-15T15:54:54+00:00 CRITICAL syntax error, unexpected token ":" in C:\xampp\htdocs\soloxwp\wp-content\themes\flatsome-child\functions.php on line 205

2023-11-15T15:56:20+00:00 CRITICAL syntax error, unexpected token ":" in C:\xampp\htdocs\soloxwp\wp-content\themes\flatsome-child\functions.php on line 206

2023-11-15T15:56:53+00:00 CRITICAL syntax error, unexpected token ":" in C:\xampp\htdocs\soloxwp\wp-content\themes\flatsome-child\functions.php on line 206

2023-11-15T15:58:20+00:00 CRITICAL syntax error, unexpected token ":" in C:\xampp\htdocs\soloxwp\wp-content\themes\flatsome-child\functions.php on line 206

2023-11-15T17:29:05+00:00 CRITICAL Out of memory (allocated 85983232) (tried to allocate 32768 bytes) in C:\xampp\htdocs\soloxwp\wp-admin\includes\media.php on line 2926

